proguard/seeds.txt
cn.zytec.lee.zyuiframe.BuildConfig: BuildConfig()
cn.zytec.lee.zyuiframe.DetailFragment: DetailFragment()
cn.zytec.lee.zyuiframe.DetailFragment: cn.zytec.lee.zyuiframe.DetailFragment newInstance(int)
cn.zytec.lee.zyuiframe.DetailFragment: void onActivityCreated(android.os.Bundle)
cn.zytec.lee.zyuiframe.DetailFragment: void onCreate(android.os.Bundle)
cn.zytec.lee.zyuiframe.DetailFragment: android.view.View onCreateView(android.view.LayoutInflater,android.view.ViewGroup,android.os.Bundle)
cn.zytec.lee.zyuiframe.DetailFragment: void onPause()
cn.zytec.lee.zyuiframe.DetailFragment: void onClick(android.view.View)
cn.zytec.lee.zyuiframe.DetailFragment: void expandSelf()
cn.zytec.lee.zyuiframe.MainFrameActivity
cn.zytec.lee.zyuiframe.MainFrameActivity: MainFrameActivity()
cn.zytec.lee.zyuiframe.MainFrameActivity: void onCreate(android.os.Bundle)
cn.zytec.lee.zyuiframe.MainFrameActivity: boolean dispatchTouchEvent(android.view.MotionEvent)
cn.zytec.lee.zyuiframe.MainFrameActivity: boolean onTouchEvent(android.view.MotionEvent)
cn.zytec.lee.zyuiframe.MainFrameActivity: void onClick(android.view.View)
cn.zytec.lee.zyuiframe.MainFrameActivity: void openDetailFragment(int)
cn.zytec.lee.zyuiframe.MainFrameActivity: void closedDetailFragment(android.support.v4.app.Fragment)
cn.zytec.lee.zyuiframe.MainFrameActivity: void expandDetailFragment(cn.zytec.lee.zyuiframe.DetailFragment)
cn.zytec.lee.zyuiframe.MainFrameActivity$FixedPositionAnimation: void prepareAnimation(android.view.View)
cn.zytec.lee.zyuiframe.MainFrameActivity$FixedPositionAnimation: boolean getTransformation(long,android.view.animation.Transformation)
cn.zytec.lee.zyuiframe.MainFrameActivity$GestureListener: boolean onScroll(android.view.MotionEvent,android.view.MotionEvent,float,float)
cn.zytec.lee.zyuiframe.R: R()
cn.zytec.lee.zyuiframe.R$anim: int push_up_in
cn.zytec.lee.zyuiframe.R$anim: int push_up_out
cn.zytec.lee.zyuiframe.R$anim: int slide_in_right
cn.zytec.lee.zyuiframe.R$anim: int slide_out_right
cn.zytec.lee.zyuiframe.R$anim: int zoom_enter
cn.zytec.lee.zyuiframe.R$anim: int zoom_exit
cn.zytec.lee.zyuiframe.R$anim: R$anim()
cn.zytec.lee.zyuiframe.R$attr: R$attr()
cn.zytec.lee.zyuiframe.R$drawable: int background_04
cn.zytec.lee.zyuiframe.R$drawable: int background_05
cn.zytec.lee.zyuiframe.R$drawable: int device_access_mic
cn.zytec.lee.zyuiframe.R$drawable: int device_access_mic_gray
cn.zytec.lee.zyuiframe.R$drawable: int device_access_mic_x
cn.zytec.lee.zyuiframe.R$drawable: int ic_action_search
cn.zytec.lee.zyuiframe.R$drawable: int ic_launcher
cn.zytec.lee.zyuiframe.R$drawable: int logo
cn.zytec.lee.zyuiframe.R$drawable: int refresh
cn.zytec.lee.zyuiframe.R$drawable: int set_up
cn.zytec.lee.zyuiframe.R$drawable: int title_1a
cn.zytec.lee.zyuiframe.R$drawable: int title_2a
cn.zytec.lee.zyuiframe.R$drawable: int title_3a
cn.zytec.lee.zyuiframe.R$drawable: int title_4a
cn.zytec.lee.zyuiframe.R$drawable: R$drawable()
cn.zytec.lee.zyuiframe.R$id: int behind_view
cn.zytec.lee.zyuiframe.R$id: int detail_button_frag
cn.zytec.lee.zyuiframe.R$id: int detail_button_open
cn.zytec.lee.zyuiframe.R$id: int detail_fargment_fragcontent_ll
cn.zytec.lee.zyuiframe.R$id: int detail_fragment_range_ll_2
cn.zytec.lee.zyuiframe.R$id: int detail_view_fl
cn.zytec.lee.zyuiframe.R$id: int main_top_menu
cn.zytec.lee.zyuiframe.R$id: int menu_settings
cn.zytec.lee.zyuiframe.R$id: int mic
cn.zytec.lee.zyuiframe.R$id: int secondary_menu_frag_button_test
cn.zytec.lee.zyuiframe.R$id: int secondary_menu_text
cn.zytec.lee.zyuiframe.R$id: int secondary_menu_view_fl
cn.zytec.lee.zyuiframe.R$id: int shortcut_menu
cn.zytec.lee.zyuiframe.R$id: int testid
cn.zytec.lee.zyuiframe.R$id: int top_menu_button1
cn.zytec.lee.zyuiframe.R$id: int top_menu_button2
cn.zytec.lee.zyuiframe.R$id: int top_menu_button3
cn.zytec.lee.zyuiframe.R$id: int top_menu_button4
cn.zytec.lee.zyuiframe.R$id: R$id()
...
android.support.v4.view.PagerTitleStripIcs$SingleLineAllCapsTransform
android.support.v4.view.PagerTitleStripIcs$SingleLineAllCapsTransform: PagerTitleStripIcs$SingleLineAllCapsTransform(android.content.Context)
android.support.v4.view.PagerTitleStripIcs$SingleLineAllCapsTransform: java.lang.CharSequence getTransformation(java.lang.CharSequence,android.view.View)
android.support.v4.view.VelocityTrackerCompat
android.support.v4.view.VelocityTrackerCompat: VelocityTrackerCompat()
android.support.v4.view.VelocityTrackerCompat: float getXVelocity(android.view.VelocityTracker,int)
android.support.v4.view.VelocityTrackerCompat: float getYVelocity(android.view.VelocityTracker,int)
android.support.v4.view.VelocityTrackerCompat$BaseVelocityTrackerVersionImpl
android.support.v4.view.VelocityTrackerCompat$BaseVelocityTrackerVersionImpl: float getXVelocity(android.view.VelocityTracker,int)
android.support.v4.view.VelocityTrackerCompat$BaseVelocityTrackerVersionImpl: float getYVelocity(android.view.VelocityTracker,int)
android.support.v4.view.VelocityTrackerCompat$HoneycombVelocityTrackerVersionImpl
android.support.v4.view.VelocityTrackerCompat$HoneycombVelocityTrackerVersionImpl: float getXVelocity(android.view.VelocityTracker,int)
android.support.v4.view.VelocityTrackerCompat$HoneycombVelocityTrackerVersionImpl: float getYVelocity(android.view.VelocityTracker,int)
android.support.v4.view.VelocityTrackerCompat$VelocityTrackerVersionImpl
android.support.v4.view.VelocityTrackerCompat$VelocityTrackerVersionImpl: float getXVelocity(android.view.VelocityTracker,int)
android.support.v4.view.VelocityTrackerCompat$VelocityTrackerVersionImpl: float getYVelocity(android.view.VelocityTracker,int)
android.support.v4.view.VelocityTrackerCompatHoneycomb
android.support.v4.view.VelocityTrackerCompatHoneycomb: float getXVelocity(android.view.VelocityTracker,int)
android.support.v4.view.VelocityTrackerCompatHoneycomb: float getYVelocity(android.view.VelocityTracker,int)
android.support.v4.view.ViewCompat
android.support.v4.view.ViewCompat: ViewCompat()
android.support.v4.view.ViewCompat: boolean canScrollHorizontally(android.view.View,int)
android.support.v4.view.ViewCompat: boolean canScrollVertically(android.view.View,int)
android.support.v4.view.ViewCompat: int getOverScrollMode(android.view.View)
android.support.v4.view.ViewCompat: void setOverScrollMode(android.view.View,int)
android.support.v4.view.ViewCompat: void onPopulateAccessibilityEvent(android.view.View,android.view.accessibility.AccessibilityEvent)
android.support.v4.view.ViewCompat: void onInitializeAccessibilityEvent(android.view.View,android.view.accessibility.AccessibilityEvent)
android.support.v4.view.ViewCompat: void onInitializeAccessibilityNodeInfo(android.view.View,android.support.v4.view.accessibility.AccessibilityNodeInfoCompat)
android.support.v4.view.ViewCompat: void setAccessibilityDelegate(android.view.View,android.support.v4.view.AccessibilityDelegateCompat)
android.support.v4.view.ViewCompat: boolean hasTransientState(android.view.View)
android.support.v4.view.ViewCompat: void setHasTransientState(android.view.View,boolean)
android.support.v4.view.ViewCompat: void postInvalidateOnAnimation(android.view.View)
android.support.v4.view.ViewCompat: void postInvalidateOnAnimation(android.view.View,int,int,int,int)
android.support.v4.view.ViewCompat: void postOnAnimation(android.view.View,java.lang.Runnable)