proguard/mapping.txt
cn.zytec.lee.zyuiframe.BuildConfig -> cn.zytec.lee.zyuiframe.a:
    boolean DEBUG -> a
cn.zytec.lee.zyuiframe.DetailFragment -> cn.zytec.lee.zyuiframe.b:
    android.widget.Button b -> a
    android.widget.Button open -> b
    android.widget.LinearLayout l1 -> c
    21:25:cn.zytec.lee.zyuiframe.DetailFragment newInstance(int) -> newInstance
    30:37:void onActivityCreated(android.os.Bundle) -> onActivityCreated
    42:43:void onCreate(android.os.Bundle) -> onCreate
    49:49:android.view.View onCreateView(android.view.LayoutInflater,android.view.ViewGroup,android.os.Bundle) -> onCreateView
    55:56:void onPause() -> onPause
    61:71:void onClick(android.view.View) -> onClick
    74:75:void expandSelf() -> expandSelf
cn.zytec.lee.zyuiframe.MainFrameActivity -> cn.zytec.lee.zyuiframe.MainFrameActivity:
    boolean isDragState -> p
    boolean isDetailFragOpen -> q
    boolean isDetailExpand -> r
    boolean isSecMenuLeftPosition -> s
    boolean isScrollLeft -> t
    int animationDuration -> u
    android.view.animation.Interpolator decelerateInterpolater -> v
    cn.zytec.lee.zyuiframe.MainFrameActivity$FixedPositionAnimation fixedAnimation -> w
    android.view.GestureDetector gestureDetector -> o
    int fragmentMovePercent -> x
    int windowWidthOfTenPercent -> y
    cn.zytec.lee.zyuiframe.SecondaryMenuFragment secondaryMenuFrag -> z
    android.widget.FrameLayout secondMenuFrameLayout -> A
    android.widget.FrameLayout detailFrameLayout -> B
    int topMenuPosition -> C
    android.widget.ImageView mic -> D
    android.widget.Button b1 -> E
    android.widget.Button b2 -> F
    android.widget.Button b3 -> G
    android.widget.Button b4 -> H
    56:75:void onCreate(android.os.Bundle) -> onCreate
    79:80:boolean dispatchTouchEvent(android.view.MotionEvent) -> dispatchTouchEvent
    85:89:boolean onTouchEvent(android.view.MotionEvent) -> onTouchEvent
    94:127:void onClick(android.view.View) -> onClick
    134:149:void openDetailFragment(int) -> openDetailFragment
    157:164:void closedDetailFragment(android.support.v4.app.Fragment) -> closedDetailFragment
    172:175:void expandDetailFragment(cn.zytec.lee.zyuiframe.DetailFragment) -> expandDetailFragment
cn.zytec.lee.zyuiframe.MainFrameActivity$FixedPositionAnimation -> cn.zytec.lee.zyuiframe.MainFrameActivity$a:
    int mInitialOffset -> b
    int mTargetOffset -> c
    int mTargetDistance -> d
    boolean isDetailFragOpenAnimation -> e
    cn.zytec.lee.zyuiframe.MainFrameActivity this$0 -> a
    329:350:void prepareAnimation(android.view.View) -> prepareAnimation
    355:365:void applyTransformation(float,android.view.animation.Transformation) -> applyTransformation
    370:385:boolean getTransformation(long,android.view.animation.Transformation) -> getTransformation
cn.zytec.lee.zyuiframe.MainFrameActivity$GestureListener -> cn.zytec.lee.zyuiframe.MainFrameActivity$b:
    cn.zytec.lee.zyuiframe.MainFrameActivity this$0 -> a
    279:316:boolean onScroll(android.view.MotionEvent,android.view.MotionEvent,float,float) -> onScroll
cn.zytec.lee.zyuiframe.R -> cn.zytec.lee.zyuiframe.c:
cn.zytec.lee.zyuiframe.R$anim -> cn.zytec.lee.zyuiframe.c$a:
    int push_up_in -> push_up_in
    int push_up_out -> push_up_out
    int slide_in_right -> slide_in_right
    int slide_out_right -> slide_out_right
    int zoom_enter -> zoom_enter
    int zoom_exit -> zoom_exit
cn.zytec.lee.zyuiframe.R$attr -> cn.zytec.lee.zyuiframe.c$b:
...
android.support.v4.view.AccessibilityDelegateCompat$AccessibilityDelegateJellyBeanImpl$1 -> android.support.v4.view.AccessibilityDelegateCompat$AccessibilityDelegateJellyBeanImpl$1:
    android.support.v4.view.AccessibilityDelegateCompat val$compat -> a
    android.support.v4.view.AccessibilityDelegateCompat$AccessibilityDelegateJellyBeanImpl this$0 -> b
    223:223:boolean dispatchPopulateAccessibilityEvent(android.view.View,android.view.accessibility.AccessibilityEvent) -> dispatchPopulateAccessibilityEvent
    228:229:void onInitializeAccessibilityEvent(android.view.View,android.view.accessibility.AccessibilityEvent) -> onInitializeAccessibilityEvent
    233:235:void onInitializeAccessibilityNodeInfo(android.view.View,java.lang.Object) -> onInitializeAccessibilityNodeInfo
    239:240:void onPopulateAccessibilityEvent(android.view.View,android.view.accessibility.AccessibilityEvent) -> onPopulateAccessibilityEvent
    245:245:boolean onRequestSendAccessibilityEvent(android.view.ViewGroup,android.view.View,android.view.accessibility.AccessibilityEvent) -> onRequestSendAccessibilityEvent
    250:251:void sendAccessibilityEvent(android.view.View,int) -> sendAccessibilityEvent
    255:256:void sendAccessibilityEventUnchecked(android.view.View,android.view.accessibility.AccessibilityEvent) -> sendAccessibilityEventUnchecked
    260:262:java.lang.Object getAccessibilityNodeProvider(android.view.View) -> getAccessibilityNodeProvider
android.support.v4.view.AccessibilityDelegateCompat$AccessibilityDelegateStubImpl -> android.support.v4.view.AccessibilityDelegateCompat$AccessibilityDelegateStubImpl:
    57:57:java.lang.Object newAccessiblityDelegateDefaultImpl() -> newAccessiblityDelegateDefaultImpl
    62:62:java.lang.Object newAccessiblityDelegateBridge(android.support.v4.view.AccessibilityDelegateCompat) -> newAccessiblityDelegateBridge
    68:68:boolean dispatchPopulateAccessibilityEvent(java.lang.Object,android.view.View,android.view.accessibility.AccessibilityEvent) -> dispatchPopulateAccessibilityEvent
    75:75:void onInitializeAccessibilityEvent(java.lang.Object,android.view.View,android.view.accessibility.AccessibilityEvent) -> onInitializeAccessibilityEvent
    81:81:void onInitializeAccessibilityNodeInfo(java.lang.Object,android.view.View,android.support.v4.view.accessibility.AccessibilityNodeInfoCompat) -> onInitializeAccessibilityNodeInfo
    87:87:void onPopulateAccessibilityEvent(java.lang.Object,android.view.View,android.view.accessibility.AccessibilityEvent) -> onPopulateAccessibilityEvent
    92:92:boolean onRequestSendAccessibilityEvent(java.lang.Object,android.view.ViewGroup,android.view.View,android.view.accessibility.AccessibilityEvent) -> onRequestSendAccessibilityEvent
    98:98:void sendAccessibilityEvent(java.lang.Object,android.view.View,int) -> sendAccessibilityEvent